[2024-12-13 20:31:13] development.ERROR: Class "Spatie\Permission\PermissionServiceProvider" not found {"exception":"[object] (Error(code: 0): Class \"Spatie\\Permission\\PermissionServiceProvider\" not found at C:\\laragon\\www\\teule_2024_v2-main\\vendor\\laravel\\framework\\src\\Illuminate\\Foundation\\Application.php:851)
[stacktrace]
#0 C:\\laragon\\www\\teule_2024_v2-main\\vendor\\laravel\\framework\\src\\Illuminate\\Foundation\\Application.php(785): Illuminate\\Foundation\\Application->resolveProvider('Spatie\\\\Permissi...')
#1 C:\\laragon\\www\\teule_2024_v2-main\\vendor\\laravel\\framework\\src\\Illuminate\\Foundation\\ProviderRepository.php(75): Illuminate\\Foundation\\Application->register('Spatie\\\\Permissi...')
#2 C:\\laragon\\www\\teule_2024_v2-main\\vendor\\laravel\\framework\\src\\Illuminate\\Foundation\\Application.php(765): Illuminate\\Foundation\\ProviderRepository->load(Array)
#3 C:\\laragon\\www\\teule_2024_v2-main\\vendor\\laravel\\framework\\src\\Illuminate\\Foundation\\Bootstrap\\RegisterProviders.php(17): Illuminate\\Foundation\\Application->registerConfiguredProviders()
#4 C:\\laragon\\www\\teule_2024_v2-main\\vendor\\laravel\\framework\\src\\Illuminate\\Foundation\\Application.php(263): Illuminate\\Foundation\\Bootstrap\\RegisterProviders->bootstrap(Object(Illuminate\\Foundation\\Application))
#5 C:\\laragon\\www\\teule_2024_v2-main\\vendor\\laravel\\framework\\src\\Illuminate\\Foundation\\Http\\Kernel.php(186): Illuminate\\Foundation\\Application->bootstrapWith(Array)
#6 C:\\laragon\\www\\teule_2024_v2-main\\vendor\\laravel\\framework\\src\\Illuminate\\Foundation\\Http\\Kernel.php(170): Illuminate\\Foundation\\Http\\Kernel->bootstrap()
#7 C:\\laragon\\www\\teule_2024_v2-main\\vendor\\laravel\\framework\\src\\Illuminate\\Foundation\\Http\\Kernel.php(144): Illuminate\\Foundation\\Http\\Kernel->sendRequestThroughRouter(Object(Illuminate\\Http\\Request))
#8 C:\\laragon\\www\\teule_2024_v2-main\\public\\index.php(52): Illuminate\\Foundation\\Http\\Kernel->handle(Object(Illuminate\\Http\\Request))
#9 C:\\laragon\\www\\teule_2024_v2-main\\vendor\\laravel\\framework\\src\\Illuminate\\Foundation\\resources\\server.php(16): require_once('C:\\\\laragon\\\\www\\\\...')
#10 {main}
"} 
[2024-12-13 20:31:13] development.ERROR: Target class [translator] does not exist. (View: C:\laragon\www\teule_2024_v2-main\vendor\laravel\framework\src\Illuminate\Foundation\Exceptions\views\500.blade.php) {"exception":"[object] (Illuminate\\View\\ViewException(code: 0): Target class [translator] does not exist. (View: C:\\laragon\\www\\teule_2024_v2-main\\vendor\\laravel\\framework\\src\\Illuminate\\Foundation\\Exceptions\\views\\500.blade.php) at C:\\laragon\\www\\teule_2024_v2-main\\vendor\\laravel\\framework\\src\\Illuminate\\Container\\Container.php:914)
[stacktrace]
#0 C:\\laragon\\www\\teule_2024_v2-main\\vendor\\laravel\\framework\\src\\Illuminate\\View\\Engines\\PhpEngine.php(60): Illuminate\\View\\Engines\\CompilerEngine->handleViewException(Object(Illuminate\\Contracts\\Container\\BindingResolutionException), 1)
#1 C:\\laragon\\www\\teule_2024_v2-main\\vendor\\laravel\\framework\\src\\Illuminate\\View\\Engines\\CompilerEngine.php(72): Illuminate\\View\\Engines\\PhpEngine->evaluatePath('C:\\\\laragon\\\\www\\\\...', Array)
#2 C:\\laragon\\www\\teule_2024_v2-main\\vendor\\laravel\\framework\\src\\Illuminate\\View\\View.php(207): Illuminate\\View\\Engines\\CompilerEngine->get('C:\\\\laragon\\\\www\\\\...', Array)
#3 C:\\laragon\\www\\teule_2024_v2-main\\vendor\\laravel\\framework\\src\\Illuminate\\View\\View.php(190): Illuminate\\View\\View->getContents()
#4 C:\\laragon\\www\\teule_2024_v2-main\\vendor\\laravel\\framework\\src\\Illuminate\\View\\View.php(159): Illuminate\\View\\View->renderContents()
#5 C:\\laragon\\www\\teule_2024_v2-main\\vendor\\laravel\\framework\\src\\Illuminate\\Http\\Response.php(69): Illuminate\\View\\View->render()
#6 C:\\laragon\\www\\teule_2024_v2-main\\vendor\\laravel\\framework\\src\\Illuminate\\Http\\Response.php(35): Illuminate\\Http\\Response->setContent(Object(Illuminate\\View\\View))
#7 C:\\laragon\\www\\teule_2024_v2-main\\vendor\\laravel\\framework\\src\\Illuminate\\Routing\\ResponseFactory.php(58): Illuminate\\Http\\Response->__construct(Object(Illuminate\\View\\View), 500, Array)
#8 C:\\laragon\\www\\teule_2024_v2-main\\vendor\\laravel\\framework\\src\\Illuminate\\Routing\\ResponseFactory.php(88): Illuminate\\Routing\\ResponseFactory->make(Object(Illuminate\\View\\View), 500, Array)
#9 C:\\laragon\\www\\teule_2024_v2-main\\vendor\\laravel\\framework\\src\\Illuminate\\Foundation\\Exceptions\\Handler.php(726): Illuminate\\Routing\\ResponseFactory->view('errors::500', Array, 500, Array)
#10 C:\\laragon\\www\\teule_2024_v2-main\\vendor\\laravel\\framework\\src\\Illuminate\\Foundation\\Exceptions\\Handler.php(650): Illuminate\\Foundation\\Exceptions\\Handler->renderHttpException(Object(Symfony\\Component\\HttpKernel\\Exception\\HttpException))
#11 C:\\laragon\\www\\teule_2024_v2-main\\vendor\\laravel\\framework\\src\\Illuminate\\Foundation\\Exceptions\\Handler.php(556): Illuminate\\Foundation\\Exceptions\\Handler->prepareResponse(Object(Illuminate\\Http\\Request), Object(Symfony\\Component\\HttpKernel\\Exception\\HttpException))
#12 C:\\laragon\\www\\teule_2024_v2-main\\vendor\\laravel\\framework\\src\\Illuminate\\Foundation\\Exceptions\\Handler.php(473): Illuminate\\Foundation\\Exceptions\\Handler->renderExceptionResponse(Object(Illuminate\\Http\\Request), Object(Error))
#13 C:\\laragon\\www\\teule_2024_v2-main\\vendor\\laravel\\framework\\src\\Illuminate\\Foundation\\Http\\Kernel.php(509): Illuminate\\Foundation\\Exceptions\\Handler->render(Object(Illuminate\\Http\\Request), Object(Error))
#14 C:\\laragon\\www\\teule_2024_v2-main\\vendor\\laravel\\framework\\src\\Illuminate\\Foundation\\Http\\Kernel.php(148): Illuminate\\Foundation\\Http\\Kernel->renderException(Object(Illuminate\\Http\\Request), Object(Error))
#15 C:\\laragon\\www\\teule_2024_v2-main\\public\\index.php(52): Illuminate\\Foundation\\Http\\Kernel->handle(Object(Illuminate\\Http\\Request))
#16 C:\\laragon\\www\\teule_2024_v2-main\\vendor\\laravel\\framework\\src\\Illuminate\\Foundation\\resources\\server.php(16): require_once('C:\\\\laragon\\\\www\\\\...')
#17 {main}

[previous exception] [object] (Illuminate\\Contracts\\Container\\BindingResolutionException(code: 0): Target class [translator] does not exist. at C:\\laragon\\www\\teule_2024_v2-main\\vendor\\laravel\\framework\\src\\Illuminate\\Container\\Container.php:914)
[stacktrace]
#0 C:\\laragon\\www\\teule_2024_v2-main\\vendor\\laravel\\framework\\src\\Illuminate\\Container\\Container.php(795): Illuminate\\Container\\Container->build('translator')
#1 C:\\laragon\\www\\teule_2024_v2-main\\vendor\\laravel\\framework\\src\\Illuminate\\Foundation\\Application.php(957): Illuminate\\Container\\Container->resolve('translator', Array, true)
#2 C:\\laragon\\www\\teule_2024_v2-main\\vendor\\laravel\\framework\\src\\Illuminate\\Container\\Container.php(731): Illuminate\\Foundation\\Application->resolve('translator', Array)
#3 C:\\laragon\\www\\teule_2024_v2-main\\vendor\\laravel\\framework\\src\\Illuminate\\Foundation\\Application.php(942): Illuminate\\Container\\Container->make('translator', Array)
#4 C:\\laragon\\www\\teule_2024_v2-main\\vendor\\laravel\\framework\\src\\Illuminate\\Foundation\\helpers.php(120): Illuminate\\Foundation\\Application->make('translator', Array)
#5 C:\\laragon\\www\\teule_2024_v2-main\\vendor\\laravel\\framework\\src\\Illuminate\\Foundation\\helpers.php(923): app('translator')
#6 C:\\laragon\\www\\teule_2024_v2-main\\vendor\\laravel\\framework\\src\\Illuminate\\Foundation\\helpers.php(958): trans('Server Error', Array, NULL)
#7 C:\\laragon\\www\\teule_2024_v2-main\\storage\\framework\\views\\685f7bdd39b4f316f8395eeead1a144e.php(1): __('Server Error')
#8 C:\\laragon\\www\\teule_2024_v2-main\\vendor\\laravel\\framework\\src\\Illuminate\\Filesystem\\Filesystem.php(123): require('C:\\\\laragon\\\\www\\\\...')
#9 C:\\laragon\\www\\teule_2024_v2-main\\vendor\\laravel\\framework\\src\\Illuminate\\Filesystem\\Filesystem.php(124): Illuminate\\Filesystem\\Filesystem::Illuminate\\Filesystem\\{closure}()
#10 C:\\laragon\\www\\teule_2024_v2-main\\vendor\\laravel\\framework\\src\\Illuminate\\View\\Engines\\PhpEngine.php(58): Illuminate\\Filesystem\\Filesystem->getRequire('C:\\\\laragon\\\\www\\\\...', Array)
#11 C:\\laragon\\www\\teule_2024_v2-main\\vendor\\laravel\\framework\\src\\Illuminate\\View\\Engines\\CompilerEngine.php(72): Illuminate\\View\\Engines\\PhpEngine->evaluatePath('C:\\\\laragon\\\\www\\\\...', Array)
#12 C:\\laragon\\www\\teule_2024_v2-main\\vendor\\laravel\\framework\\src\\Illuminate\\View\\View.php(207): Illuminate\\View\\Engines\\CompilerEngine->get('C:\\\\laragon\\\\www\\\\...', Array)
#13 C:\\laragon\\www\\teule_2024_v2-main\\vendor\\laravel\\framework\\src\\Illuminate\\View\\View.php(190): Illuminate\\View\\View->getContents()
#14 C:\\laragon\\www\\teule_2024_v2-main\\vendor\\laravel\\framework\\src\\Illuminate\\View\\View.php(159): Illuminate\\View\\View->renderContents()
#15 C:\\laragon\\www\\teule_2024_v2-main\\vendor\\laravel\\framework\\src\\Illuminate\\Http\\Response.php(69): Illuminate\\View\\View->render()
#16 C:\\laragon\\www\\teule_2024_v2-main\\vendor\\laravel\\framework\\src\\Illuminate\\Http\\Response.php(35): Illuminate\\Http\\Response->setContent(Object(Illuminate\\View\\View))
#17 C:\\laragon\\www\\teule_2024_v2-main\\vendor\\laravel\\framework\\src\\Illuminate\\Routing\\ResponseFactory.php(58): Illuminate\\Http\\Response->__construct(Object(Illuminate\\View\\View), 500, Array)
#18 C:\\laragon\\www\\teule_2024_v2-main\\vendor\\laravel\\framework\\src\\Illuminate\\Routing\\ResponseFactory.php(88): Illuminate\\Routing\\ResponseFactory->make(Object(Illuminate\\View\\View), 500, Array)
#19 C:\\laragon\\www\\teule_2024_v2-main\\vendor\\laravel\\framework\\src\\Illuminate\\Foundation\\Exceptions\\Handler.php(726): Illuminate\\Routing\\ResponseFactory->view('errors::500', Array, 500, Array)
#20 C:\\laragon\\www\\teule_2024_v2-main\\vendor\\laravel\\framework\\src\\Illuminate\\Foundation\\Exceptions\\Handler.php(650): Illuminate\\Foundation\\Exceptions\\Handler->renderHttpException(Object(Symfony\\Component\\HttpKernel\\Exception\\HttpException))
#21 C:\\laragon\\www\\teule_2024_v2-main\\vendor\\laravel\\framework\\src\\Illuminate\\Foundation\\Exceptions\\Handler.php(556): Illuminate\\Foundation\\Exceptions\\Handler->prepareResponse(Object(Illuminate\\Http\\Request), Object(Symfony\\Component\\HttpKernel\\Exception\\HttpException))
#22 C:\\laragon\\www\\teule_2024_v2-main\\vendor\\laravel\\framework\\src\\Illuminate\\Foundation\\Exceptions\\Handler.php(473): Illuminate\\Foundation\\Exceptions\\Handler->renderExceptionResponse(Object(Illuminate\\Http\\Request), Object(Error))
#23 C:\\laragon\\www\\teule_2024_v2-main\\vendor\\laravel\\framework\\src\\Illuminate\\Foundation\\Http\\Kernel.php(509): Illuminate\\Foundation\\Exceptions\\Handler->render(Object(Illuminate\\Http\\Request), Object(Error))
#24 C:\\laragon\\www\\teule_2024_v2-main\\vendor\\laravel\\framework\\src\\Illuminate\\Foundation\\Http\\Kernel.php(148): Illuminate\\Foundation\\Http\\Kernel->renderException(Object(Illuminate\\Http\\Request), Object(Error))
#25 C:\\laragon\\www\\teule_2024_v2-main\\public\\index.php(52): Illuminate\\Foundation\\Http\\Kernel->handle(Object(Illuminate\\Http\\Request))
#26 C:\\laragon\\www\\teule_2024_v2-main\\vendor\\laravel\\framework\\src\\Illuminate\\Foundation\\resources\\server.php(16): require_once('C:\\\\laragon\\\\www\\\\...')
#27 {main}

[previous exception] [object] (ReflectionException(code: -1): Class \"translator\" does not exist at C:\\laragon\\www\\teule_2024_v2-main\\vendor\\laravel\\framework\\src\\Illuminate\\Container\\Container.php:912)
[stacktrace]
#0 C:\\laragon\\www\\teule_2024_v2-main\\vendor\\laravel\\framework\\src\\Illuminate\\Container\\Container.php(912): ReflectionClass->__construct('translator')
#1 C:\\laragon\\www\\teule_2024_v2-main\\vendor\\laravel\\framework\\src\\Illuminate\\Container\\Container.php(795): Illuminate\\Container\\Container->build('translator')
#2 C:\\laragon\\www\\teule_2024_v2-main\\vendor\\laravel\\framework\\src\\Illuminate\\Foundation\\Application.php(957): Illuminate\\Container\\Container->resolve('translator', Array, true)
#3 C:\\laragon\\www\\teule_2024_v2-main\\vendor\\laravel\\framework\\src\\Illuminate\\Container\\Container.php(731): Illuminate\\Foundation\\Application->resolve('translator', Array)
#4 C:\\laragon\\www\\teule_2024_v2-main\\vendor\\laravel\\framework\\src\\Illuminate\\Foundation\\Application.php(942): Illuminate\\Container\\Container->make('translator', Array)
#5 C:\\laragon\\www\\teule_2024_v2-main\\vendor\\laravel\\framework\\src\\Illuminate\\Foundation\\helpers.php(120): Illuminate\\Foundation\\Application->make('translator', Array)
#6 C:\\laragon\\www\\teule_2024_v2-main\\vendor\\laravel\\framework\\src\\Illuminate\\Foundation\\helpers.php(923): app('translator')
#7 C:\\laragon\\www\\teule_2024_v2-main\\vendor\\laravel\\framework\\src\\Illuminate\\Foundation\\helpers.php(958): trans('Server Error', Array, NULL)
#8 C:\\laragon\\www\\teule_2024_v2-main\\storage\\framework\\views\\685f7bdd39b4f316f8395eeead1a144e.php(1): __('Server Error')
#9 C:\\laragon\\www\\teule_2024_v2-main\\vendor\\laravel\\framework\\src\\Illuminate\\Filesystem\\Filesystem.php(123): require('C:\\\\laragon\\\\www\\\\...')
#10 C:\\laragon\\www\\teule_2024_v2-main\\vendor\\laravel\\framework\\src\\Illuminate\\Filesystem\\Filesystem.php(124): Illuminate\\Filesystem\\Filesystem::Illuminate\\Filesystem\\{closure}()
#11 C:\\laragon\\www\\teule_2024_v2-main\\vendor\\laravel\\framework\\src\\Illuminate\\View\\Engines\\PhpEngine.php(58): Illuminate\\Filesystem\\Filesystem->getRequire('C:\\\\laragon\\\\www\\\\...', Array)
#12 C:\\laragon\\www\\teule_2024_v2-main\\vendor\\laravel\\framework\\src\\Illuminate\\View\\Engines\\CompilerEngine.php(72): Illuminate\\View\\Engines\\PhpEngine->evaluatePath('C:\\\\laragon\\\\www\\\\...', Array)
#13 C:\\laragon\\www\\teule_2024_v2-main\\vendor\\laravel\\framework\\src\\Illuminate\\View\\View.php(207): Illuminate\\View\\Engines\\CompilerEngine->get('C:\\\\laragon\\\\www\\\\...', Array)
#14 C:\\laragon\\www\\teule_2024_v2-main\\vendor\\laravel\\framework\\src\\Illuminate\\View\\View.php(190): Illuminate\\View\\View->getContents()
#15 C:\\laragon\\www\\teule_2024_v2-main\\vendor\\laravel\\framework\\src\\Illuminate\\View\\View.php(159): Illuminate\\View\\View->renderContents()
#16 C:\\laragon\\www\\teule_2024_v2-main\\vendor\\laravel\\framework\\src\\Illuminate\\Http\\Response.php(69): Illuminate\\View\\View->render()
#17 C:\\laragon\\www\\teule_2024_v2-main\\vendor\\laravel\\framework\\src\\Illuminate\\Http\\Response.php(35): Illuminate\\Http\\Response->setContent(Object(Illuminate\\View\\View))
#18 C:\\laragon\\www\\teule_2024_v2-main\\vendor\\laravel\\framework\\src\\Illuminate\\Routing\\ResponseFactory.php(58): Illuminate\\Http\\Response->__construct(Object(Illuminate\\View\\View), 500, Array)
#19 C:\\laragon\\www\\teule_2024_v2-main\\vendor\\laravel\\framework\\src\\Illuminate\\Routing\\ResponseFactory.php(88): Illuminate\\Routing\\ResponseFactory->make(Object(Illuminate\\View\\View), 500, Array)
#20 C:\\laragon\\www\\teule_2024_v2-main\\vendor\\laravel\\framework\\src\\Illuminate\\Foundation\\Exceptions\\Handler.php(726): Illuminate\\Routing\\ResponseFactory->view('errors::500', Array, 500, Array)
#21 C:\\laragon\\www\\teule_2024_v2-main\\vendor\\laravel\\framework\\src\\Illuminate\\Foundation\\Exceptions\\Handler.php(650): Illuminate\\Foundation\\Exceptions\\Handler->renderHttpException(Object(Symfony\\Component\\HttpKernel\\Exception\\HttpException))
#22 C:\\laragon\\www\\teule_2024_v2-main\\vendor\\laravel\\framework\\src\\Illuminate\\Foundation\\Exceptions\\Handler.php(556): Illuminate\\Foundation\\Exceptions\\Handler->prepareResponse(Object(Illuminate\\Http\\Request), Object(Symfony\\Component\\HttpKernel\\Exception\\HttpException))
#23 C:\\laragon\\www\\teule_2024_v2-main\\vendor\\laravel\\framework\\src\\Illuminate\\Foundation\\Exceptions\\Handler.php(473): Illuminate\\Foundation\\Exceptions\\Handler->renderExceptionResponse(Object(Illuminate\\Http\\Request), Object(Error))
#24 C:\\laragon\\www\\teule_2024_v2-main\\vendor\\laravel\\framework\\src\\Illuminate\\Foundation\\Http\\Kernel.php(509): Illuminate\\Foundation\\Exceptions\\Handler->render(Object(Illuminate\\Http\\Request), Object(Error))
#25 C:\\laragon\\www\\teule_2024_v2-main\\vendor\\laravel\\framework\\src\\Illuminate\\Foundation\\Http\\Kernel.php(148): Illuminate\\Foundation\\Http\\Kernel->renderException(Object(Illuminate\\Http\\Request), Object(Error))
#26 C:\\laragon\\www\\teule_2024_v2-main\\public\\index.php(52): Illuminate\\Foundation\\Http\\Kernel->handle(Object(Illuminate\\Http\\Request))
#27 C:\\laragon\\www\\teule_2024_v2-main\\vendor\\laravel\\framework\\src\\Illuminate\\Foundation\\resources\\server.php(16): require_once('C:\\\\laragon\\\\www\\\\...')
#28 {main}
"} 
[2024-12-13 20:31:30] development.ERROR: Class "Spatie\Permission\PermissionServiceProvider" not found {"exception":"[object] (Error(code: 0): Class \"Spatie\\Permission\\PermissionServiceProvider\" not found at C:\\laragon\\www\\teule_2024_v2-main\\vendor\\laravel\\framework\\src\\Illuminate\\Foundation\\Application.php:851)
[stacktrace]
#0 C:\\laragon\\www\\teule_2024_v2-main\\vendor\\laravel\\framework\\src\\Illuminate\\Foundation\\Application.php(785): Illuminate\\Foundation\\Application->resolveProvider('Spatie\\\\Permissi...')
#1 C:\\laragon\\www\\teule_2024_v2-main\\vendor\\laravel\\framework\\src\\Illuminate\\Foundation\\ProviderRepository.php(75): Illuminate\\Foundation\\Application->register('Spatie\\\\Permissi...')
#2 C:\\laragon\\www\\teule_2024_v2-main\\vendor\\laravel\\framework\\src\\Illuminate\\Foundation\\Application.php(765): Illuminate\\Foundation\\ProviderRepository->load(Array)
#3 C:\\laragon\\www\\teule_2024_v2-main\\vendor\\laravel\\framework\\src\\Illuminate\\Foundation\\Bootstrap\\RegisterProviders.php(17): Illuminate\\Foundation\\Application->registerConfiguredProviders()
#4 C:\\laragon\\www\\teule_2024_v2-main\\vendor\\laravel\\framework\\src\\Illuminate\\Foundation\\Application.php(263): Illuminate\\Foundation\\Bootstrap\\RegisterProviders->bootstrap(Object(Illuminate\\Foundation\\Application))
#5 C:\\laragon\\www\\teule_2024_v2-main\\vendor\\laravel\\framework\\src\\Illuminate\\Foundation\\Console\\Kernel.php(447): Illuminate\\Foundation\\Application->bootstrapWith(Array)
#6 C:\\laragon\\www\\teule_2024_v2-main\\vendor\\laravel\\framework\\src\\Illuminate\\Foundation\\Console\\Kernel.php(199): Illuminate\\Foundation\\Console\\Kernel->bootstrap()
#7 C:\\laragon\\www\\teule_2024_v2-main\\artisan(37): Illuminate\\Foundation\\Console\\Kernel->handle(Object(Symfony\\Component\\Console\\Input\\ArgvInput), Object(Symfony\\Component\\Console\\Output\\ConsoleOutput))
#8 {main}
"} 
[2024-12-13 20:31:30] development.ERROR: Class "Spatie\Permission\PermissionServiceProvider" not found {"exception":"[object] (Error(code: 0): Class \"Spatie\\Permission\\PermissionServiceProvider\" not found at C:\\laragon\\www\\teule_2024_v2-main\\vendor\\laravel\\framework\\src\\Illuminate\\Foundation\\Application.php:851)
[stacktrace]
#0 C:\\laragon\\www\\teule_2024_v2-main\\vendor\\laravel\\framework\\src\\Illuminate\\Foundation\\Application.php(785): Illuminate\\Foundation\\Application->resolveProvider('Spatie\\\\Permissi...')
#1 C:\\laragon\\www\\teule_2024_v2-main\\vendor\\laravel\\framework\\src\\Illuminate\\Foundation\\ProviderRepository.php(75): Illuminate\\Foundation\\Application->register('Spatie\\\\Permissi...')
#2 C:\\laragon\\www\\teule_2024_v2-main\\vendor\\laravel\\framework\\src\\Illuminate\\Foundation\\Application.php(765): Illuminate\\Foundation\\ProviderRepository->load(Array)
#3 C:\\laragon\\www\\teule_2024_v2-main\\vendor\\laravel\\framework\\src\\Illuminate\\Foundation\\Bootstrap\\RegisterProviders.php(17): Illuminate\\Foundation\\Application->registerConfiguredProviders()
#4 C:\\laragon\\www\\teule_2024_v2-main\\vendor\\laravel\\framework\\src\\Illuminate\\Foundation\\Application.php(263): Illuminate\\Foundation\\Bootstrap\\RegisterProviders->bootstrap(Object(Illuminate\\Foundation\\Application))
#5 C:\\laragon\\www\\teule_2024_v2-main\\vendor\\laravel\\framework\\src\\Illuminate\\Foundation\\Console\\Kernel.php(447): Illuminate\\Foundation\\Application->bootstrapWith(Array)
#6 C:\\laragon\\www\\teule_2024_v2-main\\vendor\\laravel\\framework\\src\\Illuminate\\Foundation\\Console\\Kernel.php(199): Illuminate\\Foundation\\Console\\Kernel->bootstrap()
#7 C:\\laragon\\www\\teule_2024_v2-main\\artisan(37): Illuminate\\Foundation\\Console\\Kernel->handle(Object(Symfony\\Component\\Console\\Input\\ArgvInput), Object(Symfony\\Component\\Console\\Output\\ConsoleOutput))
#8 {main}
"} 
[2024-12-13 20:31:31] development.ERROR: Class "Spatie\Permission\PermissionServiceProvider" not found {"exception":"[object] (Error(code: 0): Class \"Spatie\\Permission\\PermissionServiceProvider\" not found at C:\\laragon\\www\\teule_2024_v2-main\\vendor\\laravel\\framework\\src\\Illuminate\\Foundation\\Application.php:851)
[stacktrace]
#0 C:\\laragon\\www\\teule_2024_v2-main\\vendor\\laravel\\framework\\src\\Illuminate\\Foundation\\Application.php(785): Illuminate\\Foundation\\Application->resolveProvider('Spatie\\\\Permissi...')
#1 C:\\laragon\\www\\teule_2024_v2-main\\vendor\\laravel\\framework\\src\\Illuminate\\Foundation\\ProviderRepository.php(75): Illuminate\\Foundation\\Application->register('Spatie\\\\Permissi...')
#2 C:\\laragon\\www\\teule_2024_v2-main\\vendor\\laravel\\framework\\src\\Illuminate\\Foundation\\Application.php(765): Illuminate\\Foundation\\ProviderRepository->load(Array)
#3 C:\\laragon\\www\\teule_2024_v2-main\\vendor\\laravel\\framework\\src\\Illuminate\\Foundation\\Bootstrap\\RegisterProviders.php(17): Illuminate\\Foundation\\Application->registerConfiguredProviders()
#4 C:\\laragon\\www\\teule_2024_v2-main\\vendor\\laravel\\framework\\src\\Illuminate\\Foundation\\Application.php(263): Illuminate\\Foundation\\Bootstrap\\RegisterProviders->bootstrap(Object(Illuminate\\Foundation\\Application))
#5 C:\\laragon\\www\\teule_2024_v2-main\\vendor\\laravel\\framework\\src\\Illuminate\\Foundation\\Console\\Kernel.php(447): Illuminate\\Foundation\\Application->bootstrapWith(Array)
#6 C:\\laragon\\www\\teule_2024_v2-main\\vendor\\laravel\\framework\\src\\Illuminate\\Foundation\\Console\\Kernel.php(199): Illuminate\\Foundation\\Console\\Kernel->bootstrap()
#7 C:\\laragon\\www\\teule_2024_v2-main\\artisan(37): Illuminate\\Foundation\\Console\\Kernel->handle(Object(Symfony\\Component\\Console\\Input\\ArgvInput), Object(Symfony\\Component\\Console\\Output\\ConsoleOutput))
#8 {main}
"} 
